<?xml version="1.0" encoding="UTF-8"?>
<testsuite name="quru.qa.FirstTest" tests="1" skipped="0" failures="0" errors="0" timestamp="2022-06-12T18:05:16" hostname="MacBook-Air-Elena-2.local" time="0.026">
  <properties/>
  <testcase name="secondTest()" classname="quru.qa.FirstTest" time="0.026"/>
  <system-out><![CDATA[]]></system-out>
  <system-err><![CDATA[]]></system-err>
</testsuite>
